[2023/07/25 09:21:37] GET /students/64bebd06d19f7336e99f362f 404 - 4.513 MS
[2023/07/25 09:25:13] PUT /students/64bebd06d19f7336e99f362f 403 - 2.750 MS
[2023/07/25 09:26:07] PUT /students/64bebd06d19f7336e99f362f 400 - 3.240 MS
[2023/07/25 09:26:43] PUT /students/64bebd06d19f7336e99f362f 403 - 2.073 MS
[2023/07/25 09:30:59] PUT /students/64bebd06d19f7336e99f362e 403 - 2.365 MS
[2023/07/25 09:31:10] PUT /students/64b3b2d8c8828501a8029ae5 403 - 3.373 MS
[2023/07/25 09:31:50] PUT /students/64b3b2d8c8828501a8029ae5 403 - 1.570 MS
[2023/07/25 09:32:31] PUT /students/64bebd06d19f7336e99f362f 403 - 2.059 MS
[2023/07/25 09:38:44] PUT /students/64bebd06d19f7336e99f362f 403 - 28.844 MS
[2023/07/25 11:45:48] PUT /students/64bf76e05b4c06739ae7cd8b 400 - 65.499 MS
[2023/07/25 11:52:45] PUT /students/ 404 - 12.162 MS
[2023/07/25 12:43:53] PUT /students/64bf8e4e88753378d18493f1 400 - 46.286 MS
[2023/07/25 12:45:17] PUT /students/64bf8e4e88753378d18493f1 400 - 11.334 MS
[2023/07/25 12:47:34] PUT /students/64bf8e4e88753378d18493f1 400 - 15.179 MS
[2023/07/25 13:41:59] PUT /students/64bf8e4e88753378d18493f3 400 - 60.087 MS
[2023/07/25 14:40:14] PUT /students/64bf8e4e88753378d18493f1 404 - 49.317 MS
[2023/07/25 14:40:51] PUT /students/64bf8e4e88753378d18493f1 404 - 17.499 MS
[2023/07/25 14:41:51] PUT /students/64bf8e4e88753378d18493f1 404 - 14.701 MS
[2023/07/25 14:43:05] PUT /students/64bf8e4e88753378d18493f1 500 - 41.495 MS
[2023/07/25 15:36:28] PUT /students/64bf8e2c88753378d18493ae 500 - 17.940 MS
[2023/07/25 15:36:50] PUT /students/64bf8e2c88753378d18493ae 500 - 8.199 MS
[2023/07/25 15:38:19] PUT /students/64bf8e2c88753378d18493ae 400 - 19.738 MS
[2023/07/25 15:38:24] PUT /students/64bf8e2c88753378d18493ae 400 - 13.420 MS
[2023/07/25 15:41:13] PUT /students/64bf8e2c88753378d18493ae 500 - 17.320 MS
[2023/07/25 21:39:39] PUT /students/64bf8e2c88753378d18493ae 400 - 42.182 MS
[2023/07/25 21:40:41] PUT /students/64bf8e2c88753378d18493af 400 - 8.611 MS
[2023/07/25 21:48:07] PUT /students/64bf8e2c88753378d18493ae 403 - 3.634 MS
[2023/07/25 21:48:43] PUT /students/64bf8e4e88753378d18493f4 403 - 8.281 MS
[2023/07/25 21:50:34] PUT /students/undefined 403 - 3.682 MS
[2023/07/25 21:50:36] PUT /students/undefined 403 - 6.619 MS
[2023/07/25 21:51:29] PUT /students/undefined 403 - 23.357 MS
[2023/07/25 21:52:03] PUT /students/undefined 403 - 24.850 MS
[2023/07/25 21:52:24] PUT /students/undefined 403 - 6.222 MS
[2023/07/25 21:53:29] PUT /students/64bf8e2c88753378d18493ad 400 - 14.583 MS
[2023/07/25 21:53:31] PUT /students/64bf8e4e88753378d18493f2 400 - 5.584 MS
[2023/07/25 21:53:32] PUT /students/64bf700c5b4c06739ae7cd7d 400 - 5.614 MS
[2023/07/25 21:59:10] PUT /students/64bf8e2c88753378d18493ae 400 - 9.160 MS
[2023/07/25 22:00:20] PUT /students/64bf8e2c88753378d18493ad 404 - 35.781 MS
[2023/07/25 22:02:19] PUT /students/64bf8e2c88753378d18493ad 404 - 12.782 MS
[2023/07/25 22:02:32] PUT /students/64bf8e2c88753378d18493ae 404 - 16.608 MS
[2023/07/25 22:03:08] PUT /students/64bf8e4e88753378d18493f2 404 - 10.569 MS
[2023/07/25 22:03:37] PUT /students/64bf8e4e88753378d18493f2 404 - 9.230 MS
[2023/07/25 22:03:55] PUT /students/64bf8e2c88753378d18493ad 404 - 14.649 MS
[2023/07/25 22:05:12] PUT /students/64bf8e2c88753378d18493ae 404 - 7.939 MS
[2023/07/25 22:06:14] PUT /students/my-calendar/64bf8e4e88753378d18493f2 404 - 1.123 MS
[2023/07/25 22:07:41] PUT /students/64bf8e2c88753378d18493ad 404 - 9.811 MS
[2023/07/25 22:10:32] PUT /students/64bf8e2c88753378d18493ae 404 - 31.815 MS
