[2023/07/02 00:06:32] GET /users 403 - 4.855 MS
[2023/07/02 00:17:35] GET /users/login 404 - 2.709 MS
[2023/07/02 00:50:38] GET /users/649ddda7450b2ad4d2940d2 500 - 5.176 MS
[2023/07/02 00:51:25] GET /users/649ddda7450b2ad4d2940d23 403 - 1.505 MS
[2023/07/02 01:03:51] GET /users/649ddda7450b2ad4d2940d23 403 - 8.332 MS
[2023/07/02 11:03:56] POST /users 400 - 17.587 MS
[2023/07/02 15:22:27] PATCH /cards/64a13331c44e45aaba74b52a 403 - 15.474 MS
[2023/07/02 15:22:29] PATCH /cards/64a13331c44e45aaba74b52a 403 - 2.358 MS
[2023/07/02 15:22:33] PATCH /cards/64a13331c44e45aaba74b52a 403 - 1.527 MS
[2023/07/02 15:22:38] PATCH /cards/64a13331c44e45aaba74b52a 403 - 1.958 MS
[2023/07/02 15:22:42] PATCH /cards/64a13330c44e45aaba74b515 403 - 1.369 MS
[2023/07/02 15:22:47] PATCH /cards/64a13330c44e45aaba74b515 403 - 1.381 MS
[2023/07/02 15:22:51] PATCH /cards/64a13330c44e45aaba74b515 403 - 1.912 MS
[2023/07/02 15:22:57] PATCH /cards/64a13331c44e45aaba74b52a 403 - 0.817 MS
[2023/07/02 15:25:13] PATCH /users/64a13330c44e45aaba74b519 404 - 2.257 MS
[2023/07/02 15:27:13] PUT /cards/64a16d121698b205be9c6bca 400 - 15.984 MS
[2023/07/02 15:27:21] PUT /cards/64a16d121698b205be9c6bca 400 - 6.013 MS
[2023/07/02 15:29:51] PUT /cards/64a16d121698b205be9c6bca 400 - 4.383 MS
[2023/07/02 15:30:00] PUT /cards/64a16d121698b205be9c6bca 400 - 7.329 MS
[2023/07/02 15:31:27] PUT /cards/64a16d121698b205be9c6bca 400 - 8.725 MS
[2023/07/02 15:31:40] PUT /cards/64a16d121698b205be9c6bca 400 - 13.047 MS
[2023/07/02 15:32:26] PUT /cards/64a16d121698b205be9c6bca 403 - 2.150 MS
[2023/07/02 15:33:02] PUT /cards/64a16d121698b205be9c6bca 400 - 6.401 MS
[2023/07/02 15:38:52] PUT /cards/649dddd6450b2ad4d2940d2a 500 - 11.164 MS
[2023/07/02 15:40:48] PUT /cards/649dddd6450b2ad4d2940d2a 500 - 5.517 MS
[2023/07/02 15:42:42] PUT /cards/649dddd6450b2ad4d2940d2a 500 - 40.118 MS
[2023/07/02 22:16:35] PATCH /cards/64a13331c44e45aaba74b52a 403 - 2.682 MS
[2023/07/02 22:16:38] PATCH /cards/64a13331c44e45aaba74b52a 403 - 1.200 MS
[2023/07/02 22:16:41] PATCH /cards/64a13331c44e45aaba74b52e 403 - 1.661 MS
[2023/07/02 22:16:42] PATCH /cards/64a13331c44e45aaba74b52e 403 - 1.599 MS
[2023/07/02 22:16:44] PATCH /cards/64a13330c44e45aaba74b515 403 - 0.779 MS
[2023/07/02 22:16:45] PATCH /cards/64a13330c44e45aaba74b515 403 - 1.072 MS
[2023/07/02 22:17:02] PATCH /cards/64a13331c44e45aaba74b52a 403 - 0.615 MS
[2023/07/02 22:17:03] PATCH /cards/64a13331c44e45aaba74b52a 403 - 1.149 MS
[2023/07/02 22:52:53] PATCH /cards/64a13331c44e45aaba74b52a 403 - 4.398 MS
[2023/07/02 22:52:58] PATCH /cards/64a13331c44e45aaba74b52a 403 - 1.013 MS
[2023/07/02 22:53:00] PATCH /cards/64a13331c44e45aaba74b52e 403 - 1.072 MS
[2023/07/02 22:53:01] PATCH /cards/64a13330c44e45aaba74b515 403 - 0.765 MS
[2023/07/02 23:14:21] PATCH /cards/64a13330c44e45aaba74b515 403 - 7.689 MS
[2023/07/02 23:14:21] PATCH /cards/64a13331c44e45aaba74b52a 403 - 13.392 MS
[2023/07/02 23:14:21] PATCH /cards/64a13331c44e45aaba74b52e 403 - 12.695 MS
[2023/07/02 23:14:21] PATCH /cards/64a16d121698b205be9c6bca 403 - 1.594 MS
[2023/07/02 23:14:27] PATCH /cards/64a13330c44e45aaba74b515 403 - 3.154 MS
[2023/07/02 23:14:27] PATCH /cards/64a16d121698b205be9c6bca 403 - 1.153 MS
[2023/07/02 23:14:27] PATCH /cards/64a13331c44e45aaba74b52a 403 - 2.958 MS
[2023/07/02 23:14:27] PATCH /cards/64a13331c44e45aaba74b52e 403 - 4.357 MS
[2023/07/02 23:14:32] PATCH /cards/64a13330c44e45aaba74b515 403 - 2.124 MS
[2023/07/02 23:14:32] PATCH /cards/64a13331c44e45aaba74b52a 403 - 1.896 MS
[2023/07/02 23:14:32] PATCH /cards/64a13331c44e45aaba74b52e 403 - 4.494 MS
[2023/07/02 23:14:32] PATCH /cards/64a16d121698b205be9c6bca 403 - 7.139 MS
[2023/07/02 23:15:11] PATCH /cards/64a13330c44e45aaba74b515 403 - 1.074 MS
[2023/07/02 23:15:11] PATCH /cards/64a13331c44e45aaba74b52a 403 - 1.739 MS
[2023/07/02 23:15:11] PATCH /cards/64a13331c44e45aaba74b52e 403 - 4.507 MS
[2023/07/02 23:15:11] PATCH /cards/64a16d121698b205be9c6bca 403 - 5.687 MS
[2023/07/02 23:15:21] PATCH /cards/64a13330c44e45aaba74b515 403 - 2.009 MS
[2023/07/02 23:15:21] PATCH /cards/64a13331c44e45aaba74b52a 403 - 1.843 MS
[2023/07/02 23:15:21] PATCH /cards/64a13331c44e45aaba74b52e 403 - 3.303 MS
[2023/07/02 23:15:21] PATCH /cards/64a16d121698b205be9c6bca 403 - 4.927 MS
