[2023/07/16 10:38:20] GET /cards 500 - 7.889 MS
[2023/07/16 10:38:20] GET /cards 500 - 5.230 MS
[2023/07/16 10:38:20] GET /cards 500 - 1.567 MS
[2023/07/16 10:38:25] GET /cards 500 - 0.512 MS
[2023/07/16 10:38:25] GET /cards 500 - 1.051 MS
[2023/07/16 10:38:25] GET /cards 500 - 3.308 MS
[2023/07/16 10:38:55] GET /cards 500 - 0.437 MS
[2023/07/16 10:38:55] GET /cards 500 - 0.863 MS
[2023/07/16 10:38:55] GET /cards 500 - 2.100 MS
[2023/07/16 10:38:57] GET /cards 500 - 2.981 MS
[2023/07/16 10:38:57] GET /cards 500 - 1.623 MS
[2023/07/16 10:38:57] GET /cards 500 - 1.152 MS
[2023/07/16 10:38:58] GET /cards 500 - 0.852 MS
[2023/07/16 10:38:58] GET /cards 500 - 0.956 MS
[2023/07/16 10:38:58] GET /cards 500 - 2.768 MS
[2023/07/16 10:40:25] GET /cards/my-cards 403 - 2.361 MS
[2023/07/16 10:40:25] GET /cards/my-cards 403 - 2.086 MS
[2023/07/16 10:40:29] GET /cards/my-cards 403 - 1.233 MS
[2023/07/16 10:40:29] GET /cards/my-cards 403 - 1.253 MS
[2023/07/16 11:54:33] POST /users 500 - 1.894 MS
[2023/07/16 11:55:04] POST /users 400 - 6.508 MS
[2023/07/16 11:55:23] POST /users 400 - 4.624 MS
[2023/07/16 12:02:04] POST /users 400 - 18.450 MS
[2023/07/16 12:02:06] POST /users 400 - 2.822 MS
[2023/07/16 12:30:25] POST /users 500 - 6.929 MS
[2023/07/16 12:41:23] POST /users 500 - 2.604 MS
[2023/07/16 12:42:03] POST /users 500 - 2.342 MS
[2023/07/16 12:58:27] GET /users/ 403 - 3.595 MS
[2023/07/16 13:31:58] PATCH /users/64b3b2d8c8828501a8029ae 500 - 13.102 MS
[2023/07/16 13:39:05] POST /users/login 403 - 3.132 MS
[2023/07/16 15:27:07] GET /users/64b3b2d8c8828501a8029ae5 403 - 13.573 MS
[2023/07/16 15:27:08] GET /users/64b3b2d8c8828501a8029ae5 403 - 0.790 MS
[2023/07/16 15:27:27] GET /users/64b3b2d8c8828501a8029ae5 403 - 1.646 MS
[2023/07/16 15:27:27] GET /users/64b3b2d8c8828501a8029ae5 403 - 1.461 MS
