[2023/07/03 08:49:50] PUT /users/64a13331c44e45aaba74b51e 500 - 5.855 MS
[2023/07/03 08:51:06] PUT /users/64a13331c44e45aaba74b51e 500 - 4.042 MS
[2023/07/03 08:52:16] PUT /users/64a13331c44e45aaba74b51e 500 - 32.365 MS
[2023/07/03 08:53:24] PUT /users/64a13331c44e45aaba74b51e 500 - 28.538 MS
[2023/07/03 08:54:24] PUT /users/64a13331c44e45aaba74b51e 500 - 33.892 MS
[2023/07/03 08:55:29] PUT /users/64a13331c44e45aaba74b51e 500 - 27.462 MS
[2023/07/03 08:56:48] PUT /users/64a13331c44e45aaba74b51e 500 - 37.983 MS
[2023/07/03 08:58:21] PUT /users/64a13331c44e45aaba74b51e 500 - 43.106 MS
[2023/07/03 08:59:47] PUT /users/64a13331c44e45aaba74b51e 500 - 41.836 MS
[2023/07/03 11:26:06] POST /users 400 - 67.221 MS
[2023/07/03 12:29:41] POST /users/login 403 - 91.647 MS
[2023/07/03 12:30:22] POST /users/login 403 - 70.693 MS
[2023/07/03 12:31:09] POST /users/login 403 - 67.974 MS
[2023/07/03 12:32:58] PUT /users/64a2863b4d116718093abbde 500 - 7.259 MS
[2023/07/03 12:33:53] PUT /users/64a2863b4d116718093abbde 500 - 7.422 MS
[2023/07/03 12:55:10] PUT /users/64a2863b4d116718093abbde 500 - 7.459 MS
[2023/07/03 12:56:56] PUT /users/64a13331c44e45aaba74b51e 500 - 6.460 MS
[2023/07/03 13:01:14] PUT /users/64a13331c44e45aaba74b51e 500 - 4.190 MS
[2023/07/03 13:03:02] PUT /users/64a13331c44e45aaba74b51e 500 - 5.233 MS
[2023/07/03 13:03:54] PUT /users/64a13331c44e45aaba74b51e 500 - 4.178 MS
[2023/07/03 13:05:16] PUT /users/64a13331c44e45aaba74b51e 500 - 4.665 MS
[2023/07/03 13:06:53] PUT /users/undefined 500 - 3.108 MS
[2023/07/03 13:08:47] PUT /users/64a13331c44e45aaba74b51e 500 - 3.222 MS
[2023/07/03 13:10:14] PUT /users/64a13331c44e45aaba74b51e 500 - 5.091 MS
[2023/07/03 13:11:56] PUT /users/64a13331c44e45aaba74b51e 500 - 4.371 MS
[2023/07/03 13:16:15] PUT /users/64a13331c44e45aaba74b51e 500 - 26.608 MS
[2023/07/03 14:31:43] PATCH /users/64a13330c44e45aaba74b519 404 - 1.636 MS
[2023/07/03 14:36:43] PATCH /users/64a13330c44e45aaba74b519 404 - 2.453 MS
[2023/07/03 14:37:45] GET /users 403 - 6.917 MS
[2023/07/03 14:37:45] GET /users 403 - 2.739 MS
[2023/07/03 14:38:08] PATCH /users/64a13331c44e45aaba74b51e 404 - 2.699 MS
[2023/07/03 14:38:13] PATCH /users/64a13330c44e45aaba74b519 404 - 1.597 MS
[2023/07/03 14:38:18] PATCH /users/64a2863b4d116718093abbde 404 - 0.923 MS
[2023/07/03 14:39:00] PATCH /users/64a13330c44e45aaba74b519 404 - 2.521 MS
[2023/07/03 14:39:05] PATCH /users/64a13331c44e45aaba74b51e 404 - 1.777 MS
[2023/07/03 14:39:08] PATCH /users/64a13331c44e45aaba74b523 404 - 1.585 MS
[2023/07/03 14:39:15] PATCH /users/64a2863b4d116718093abbde 404 - 1.614 MS
[2023/07/03 14:39:22] GET /users 403 - 1.376 MS
[2023/07/03 14:39:22] GET /users 403 - 1.870 MS
[2023/07/03 14:40:43] PATCH /users/64a13330c44e45aaba74b519 404 - 1.849 MS
[2023/07/03 14:46:39] PATCH /users/64a13331c44e45aaba74b51e 500 - 23.819 MS
[2023/07/03 22:42:21] PATCH /cards/64a13331c44e45aaba74b52a 403 - 13.739 MS
