[2023/06/28 08:55:43] GET / 404 - 8.527 MS
[2023/06/28 09:17:29] GET / 404 - 1.090 MS
[2023/06/28 09:32:12] GET /cards/my-cards 404 - 20.851 MS
[2023/06/28 09:34:25] GET /cards/my-cards/6498347f0d9b4b15641f5228 404 - 2.486 MS
[2023/06/28 09:35:16] GET /cards/my-cards 404 - 1.355 MS
[2023/06/28 09:36:16] GET /cards/my-cards 404 - 6.779 MS
[2023/06/28 09:36:36] GET /cards/my-cards 404 - 6.630 MS
[2023/06/28 09:50:21] GET /cards/my-cards 404 - 7.203 MS
[2023/06/28 10:00:38] GET /cards/6498b08fc00e41d58446198a 404 - 54.505 MS
[2023/06/28 10:03:45] GET /cards/6498b08fc00e41d58446198a 404 - 15.100 MS
[2023/06/28 10:09:03] GET /cards/6498b08fc00e41d58446198 404 - 5.697 MS
[2023/06/28 11:23:36] PUT /cards/6498347f0d9b4b15641f5228 400 - 7.913 MS
[2023/06/28 11:34:56] PUT /cards/6498347f0d9b4b15641f522 403 - 12.846 MS
[2023/06/28 11:35:22] PUT /cards/6498347f0d9b4b15641f5228 403 - 2.081 MS
[2023/06/28 11:35:47] PUT /cards/ 404 - 1.040 MS
[2023/06/28 11:35:57] PUT /cards/6498347f0d9b4b15641f5228 403 - 0.901 MS
[2023/06/28 11:36:09] PUT /cards/6498347f0d9b4b15641f5228 403 - 10.177 MS
[2023/06/28 11:36:47] PUT /cards/6498347f0d9b4b15641f5228 403 - 10.190 MS
[2023/06/28 11:37:46] PUT /cards/6498347f0d9b4b15641f5228 400 - 14.441 MS
[2023/06/28 11:38:39] PUT /cards/6498347f0d9b4b15641f5228 400 - 10.422 MS
[2023/06/28 11:39:16] PUT /cards/6498347f0d9b4b15641f5228 400 - 2.622 MS
[2023/06/28 11:39:22] PUT /cards/6498347f0d9b4b15641f5228 400 - 3.667 MS
[2023/06/28 11:39:29] PUT /cards/6498347f0d9b4b15641f5228 400 - 1.679 MS
[2023/06/28 11:39:35] PUT /cards/6498347f0d9b4b15641f5228 400 - 2.553 MS
[2023/06/28 12:03:00] PUT /cards/6498347f0d9b4b15641f5228 500 - 25.327 MS
[2023/06/28 12:06:28] PUT /cards/6498347f0d9b4b15641f5228 500 - 42.473 MS
[2023/06/28 12:11:28] PUT /cards/6498347f0d9b4b15641f5228 400 - 4.807 MS
[2023/06/28 12:16:30] PUT /cards/6498347f0d9b4b15641f5228 400 - 13.946 MS
[2023/06/28 12:23:05] PUT /cards 404 - 1.691 MS
[2023/06/28 12:29:04] PUT /cards/6498347f0d9b4b15641f522 403 - 16.677 MS
[2023/06/28 12:29:13] PUT /cards/6498347f0d9b4b15641f5228 403 - 2.588 MS
[2023/06/28 12:30:17] PUT /cards/6498347f0d9b4b15641f5228 403 - 12.051 MS
[2023/06/28 12:31:04] PUT /cards/6498347f0d9b4b15641f5228 403 - 9.995 MS
[2023/06/28 12:31:12] PUT /cards/6498347f0d9b4b15641f52 403 - 1.519 MS
[2023/06/28 12:31:18] PUT /cards/6498347f0d9b4b15641f5228 403 - 1.432 MS
[2023/06/28 12:31:50] PUT /cards/6498347f0d9b4b15641f5228 403 - 11.176 MS
[2023/06/28 12:32:24] PUT /cards/6498347f0d9b4b15641f5228 500 - 10.886 MS
[2023/06/28 12:33:03] PUT /cards/6498347f0d9b4b15641f5228 403 - 11.742 MS
[2023/06/28 12:44:16] PUT /cards/6498347f0d9b4b15641f5228 403 - 11.208 MS
[2023/06/28 20:36:51] PUT /cards/ 404 - 47.597 MS
[2023/06/28 20:47:50] PUT /cards/757g 403 - 9.412 MS
[2023/06/28 20:47:57] PUT /cards/757g 403 - 4.043 MS
[2023/06/28 20:48:10] PUT /cards/6498347f0d9b4b15641f5228 403 - 2.159 MS
[2023/06/28 20:48:37] PUT /cards/6498347f0d9b4b15641f5228 403 - 10.274 MS
[2023/06/28 20:49:32] PUT /cards/6498347f0d9b4b15641f5228 403 - 11.025 MS
[2023/06/28 20:49:34] PUT /cards/6498347f0d9b4b15641f5228 403 - 1.437 MS
[2023/06/28 21:16:44] PUT /cards/6498347f0d9b4b15641f5228 404 - 15.983 MS
[2023/06/28 21:17:29] PUT /cards/6498347f0d9b4b15641f5228 404 - 35.902 MS
[2023/06/28 21:18:17] PUT /cards/6498347f0d9b4b15641f5228 404 - 11.685 MS
[2023/06/28 21:18:32] PUT /cards/ 404 - 1.690 MS
[2023/06/28 21:18:36] PUT /cards/gf 404 - 2.155 MS
[2023/06/28 21:19:19] PUT /cards/gf 404 - 9.450 MS
[2023/06/28 21:19:32] PUT /cards/gf 404 - 2.266 MS
[2023/06/28 21:21:16] PUT /cards/gf 404 - 12.739 MS
[2023/06/28 21:31:31] PUT /cards/gf 500 - 9.685 MS
[2023/06/28 21:32:19] PUT /cards/gf 500 - 12.703 MS
[2023/06/28 21:32:41] PUT /cards/gf 500 - 12.983 MS
[2023/06/28 21:33:27] PUT /cards/gf 500 - 11.844 MS
[2023/06/28 21:34:46] PUT /cards/6498347f0d9b4b15641f5228 500 - 4.547 MS
[2023/06/28 21:37:02] PUT /cards/6498347f0d9b4b15641f52 403 - 12.312 MS
[2023/06/28 21:38:32] PUT /cards/6498347f0d9b4b15641f5228 400 - 19.239 MS
[2023/06/28 21:40:34] PUT /cards/6498347f0d9b4b15641f5228 400 - 6.642 MS
[2023/06/28 21:40:46] PUT /cards/6498347f0d9b4b15641f5228 403 - 3.191 MS
[2023/06/28 21:42:57] PUT /cards/6498347f0d9b4b15641f5228 404 - 9.710 MS
[2023/06/28 22:27:20] PUT /cards/6498347f0d9b4b15641f5228 500 - 17.442 MS
[2023/06/28 23:52:32] PATCH /cards/6498b08fc00e41d58446198 404 - 2.722 MS
[2023/06/28 23:57:41] POST /cards 500 - 18.959 MS
